2025-12-06 10:19:23,240 - main - INFO - Starting Zeit-Transfer...
2025-12-06 10:19:23,240 - main - ERROR - Missing environment variables: ZEIT_USER, ZEIT_PASSWORD, TOLINO_USER, TOLINO_PASSWORD
2025-12-06 10:38:03,824 - main - INFO - Starting Zeit-Transfer...
2025-12-06 10:38:03,825 - main - INFO - Checking for new issue...
2025-12-06 10:38:06,195 - src.zeit_scraper - INFO - Navigating to login page: https://login.zeit.de/
2025-12-06 10:38:11,909 - src.zeit_scraper - INFO - Logging in...
2025-12-06 10:38:41,915 - src.zeit_scraper - ERROR - An error occurred during Zeit scraping: Page.fill: Timeout 30000ms exceeded.
Call log:
  - waiting for locator("input[name='email']")

2025-12-06 10:38:41,977 - src.zeit_scraper - INFO - Saved error_screenshot.png
2025-12-06 10:38:41,997 - main - INFO - No file downloaded or error occurred.
2025-12-06 10:42:28,185 - main - INFO - Starting Zeit-Transfer...
2025-12-06 10:42:28,186 - main - INFO - Checking for new issue...
2025-12-06 10:42:28,710 - src.zeit_scraper - INFO - Navigating to login page: https://login.zeit.de/
2025-12-06 10:42:34,335 - src.zeit_scraper - INFO - Logging in...
2025-12-06 10:42:37,369 - src.zeit_scraper - INFO - Submit input not found, trying button...
2025-12-06 10:43:07,373 - src.zeit_scraper - ERROR - An error occurred during Zeit scraping: Page.click: Timeout 30000ms exceeded.
Call log:
  - waiting for locator("button[type='submit']")

2025-12-06 10:43:07,420 - src.zeit_scraper - INFO - Saved error_screenshot.png
2025-12-06 10:43:07,444 - main - INFO - No file downloaded or error occurred.
2025-12-06 10:54:47,783 - main - INFO - Starting Zeit-Transfer...
2025-12-06 10:54:47,784 - main - INFO - Checking for new issue...
2025-12-06 10:54:48,370 - src.zeit_scraper - INFO - Navigating to login page: https://login.zeit.de/
2025-12-06 10:54:53,777 - src.zeit_scraper - INFO - Logging in...
2025-12-06 10:55:00,856 - src.zeit_scraper - WARNING - Submit button #kc-login not found. Trying generic submit...
2025-12-06 10:55:30,865 - src.zeit_scraper - ERROR - An error occurred during Zeit scraping: Page.click: Timeout 30000ms exceeded.
Call log:
  - waiting for locator("input[type='submit'], button[type='submit']")
    - locator resolved to <input disabled name="login" id="kc-login" type="submit" value="Anmelden" class="zon-button zon-button--light   "/>
  - attempting click action
    2 × waiting for element to be visible, enabled and stable
      - element is not enabled
    - retrying click action
    - waiting 20ms
    2 × waiting for element to be visible, enabled and stable
      - element is not enabled
    - retrying click action
      - waiting 100ms
    58 × waiting for element to be visible, enabled and stable
       - element is not enabled
     - retrying click action
       - waiting 500ms

2025-12-06 10:55:30,931 - src.zeit_scraper - INFO - Saved error_screenshot.png
2025-12-06 10:55:30,950 - main - INFO - No file downloaded or error occurred.
2025-12-06 10:57:52,464 - main - INFO - Starting Zeit-Transfer...
2025-12-06 10:57:52,464 - main - INFO - Checking for new issue...
2025-12-06 10:57:55,849 - src.zeit_scraper - INFO - Navigating to login page: https://login.zeit.de/
2025-12-06 10:58:01,232 - src.zeit_scraper - INFO - Logging in...
2025-12-06 10:58:12,149 - src.zeit_scraper - WARNING - Submit button #kc-login not found or disabled. Trying generic submit...
2025-12-06 10:58:42,155 - src.zeit_scraper - ERROR - An error occurred during Zeit scraping: Page.click: Timeout 30000ms exceeded.
Call log:
  - waiting for locator("input[type='submit'], button[type='submit']")
    - locator resolved to <input disabled name="login" id="kc-login" type="submit" value="Anmelden" class="zon-button zon-button--light   "/>
  - attempting click action
    2 × waiting for element to be visible, enabled and stable
      - element is not enabled
    - retrying click action
    - waiting 20ms
    2 × waiting for element to be visible, enabled and stable
      - element is not enabled
    - retrying click action
      - waiting 100ms
    57 × waiting for element to be visible, enabled and stable
       - element is not enabled
     - retrying click action
       - waiting 500ms

2025-12-06 10:58:42,347 - src.zeit_scraper - INFO - Saved error_screenshot.png
2025-12-06 10:58:42,464 - main - INFO - No file downloaded or error occurred.
2025-12-06 11:00:55,378 - main - INFO - Starting Zeit-Transfer...
2025-12-06 11:00:55,378 - main - INFO - Checking for new issue...
2025-12-06 11:00:56,287 - src.zeit_scraper - INFO - Navigating to login page: https://login.zeit.de/
2025-12-06 11:01:01,693 - src.zeit_scraper - INFO - Logging in...
2025-12-06 11:01:07,588 - src.zeit_scraper - INFO - Waiting for login button to be enabled...
2025-12-06 11:01:12,599 - src.zeit_scraper - WARNING - Automated login click failed (button disabled or not found).
2025-12-06 11:01:12,599 - src.zeit_scraper - INFO - PLEASE LOG IN MANUALLY IN THE BROWSER WINDOW.
2025-12-06 11:01:12,599 - src.zeit_scraper - INFO - Waiting for login to complete (checking URL)...
2025-12-06 11:06:12,605 - src.zeit_scraper - ERROR - An error occurred during Zeit scraping: Timeout 300000ms exceeded.
=========================== logs ===========================
waiting for navigation to "**/mein-account**" until 'load'
============================================================
2025-12-06 11:06:12,662 - src.zeit_scraper - INFO - Saved error_screenshot.png
2025-12-06 11:06:12,923 - main - INFO - No file downloaded or error occurred.
2025-12-06 11:08:53,195 - main - INFO - Starting Zeit-Transfer...
2025-12-06 11:08:53,195 - main - INFO - Checking for new issue...
2025-12-06 11:08:54,074 - src.zeit_scraper - INFO - Navigating to login page: https://login.zeit.de/
2025-12-06 11:08:59,868 - src.zeit_scraper - INFO - Logging in...
2025-12-06 11:09:05,720 - src.zeit_scraper - INFO - Waiting for login button to be enabled...
2025-12-06 11:09:10,728 - src.zeit_scraper - WARNING - Automated login click failed (button disabled or not found).
2025-12-06 11:09:10,728 - src.zeit_scraper - INFO - PLEASE LOG IN MANUALLY IN THE BROWSER WINDOW.
2025-12-06 11:09:10,729 - src.zeit_scraper - INFO - Waiting for login to complete (checking URL)...
2025-12-06 11:14:10,733 - src.zeit_scraper - ERROR - An error occurred during Zeit scraping: Timeout 300000ms exceeded.
=========================== logs ===========================
waiting for navigation to "**/mein-account**" until 'load'
  navigated to "https://www.zeit.de/konto?state=bkXVigD3mG9670Qc&session_state=8da19e6e-1601-4730-b4ff-dccbee431073&iss=https%3A%2F%2Flogin.zeit.de%2Frealms%2Fzeit-online-public&code=b9efe31e-ff05-4922-a190-c2bb89478a26.8da19e6e-1601-4730-b4ff-dccbee431073.4c0787aa-426b-44ac-92f3-d9b5d4763c68"
  navigated to "https://abo.zeit.de/?wt_cc3=01w0014k0000keirefall2212&utm_medium=referral&utm_source=zeitde&utm_campaign=keine&utm_content=&wt_zmc=refall.int.zabo.zeitde.keine....x"
  navigated to "https://www.zeit.de/konto?state=bkXVigD3mG9670Qc&session_state=8da19e6e-1601-4730-b4ff-dccbee431073&iss=https%3A%2F%2Flogin.zeit.de%2Frealms%2Fzeit-online-public&code=b9efe31e-ff05-4922-a190-c2bb89478a26.8da19e6e-1601-4730-b4ff-dccbee431073.4c0787aa-426b-44ac-92f3-d9b5d4763c68"
  navigated to "https://epaper.zeit.de/abo/diezeit"
  navigated to "https://www.zeit.de/konto?state=bkXVigD3mG9670Qc&session_state=8da19e6e-1601-4730-b4ff-dccbee431073&iss=https%3A%2F%2Flogin.zeit.de%2Frealms%2Fzeit-online-public&code=b9efe31e-ff05-4922-a190-c2bb89478a26.8da19e6e-1601-4730-b4ff-dccbee431073.4c0787aa-426b-44ac-92f3-d9b5d4763c68"
============================================================
2025-12-06 11:14:10,796 - src.zeit_scraper - INFO - Saved error_screenshot.png
2025-12-06 11:14:10,911 - main - INFO - No file downloaded or error occurred.
2025-12-06 11:14:40,579 - main - INFO - Starting Zeit-Transfer...
2025-12-06 11:14:40,580 - main - INFO - Checking for new issue...
2025-12-06 11:14:41,475 - src.zeit_scraper - INFO - Navigating to login page: https://login.zeit.de/
2025-12-06 11:14:47,138 - src.zeit_scraper - INFO - Logging in...
2025-12-06 11:14:53,001 - src.zeit_scraper - INFO - Waiting for login button to be enabled...
2025-12-06 11:14:58,009 - src.zeit_scraper - WARNING - Automated login click failed (button disabled or not found).
2025-12-06 11:14:58,009 - src.zeit_scraper - INFO - PLEASE LOG IN MANUALLY IN THE BROWSER WINDOW.
2025-12-06 11:14:58,009 - src.zeit_scraper - INFO - Waiting for login to complete (checking URL)...
2025-12-06 11:15:03,763 - src.zeit_scraper - INFO - Login successful.
2025-12-06 11:15:03,763 - src.zeit_scraper - INFO - Navigating to download URL: https://epaper.zeit.de/abo/diezeit/
2025-12-06 11:15:04,852 - src.zeit_scraper - INFO - Looking for 'Aktuelle Ausgabe'...
2025-12-06 11:15:04,890 - src.zeit_scraper - INFO - Looking for EPUB download button...
2025-12-06 11:15:34,894 - src.zeit_scraper - ERROR - An error occurred during Zeit scraping: Timeout 30000ms exceeded while waiting for event "download"
=========================== logs ===========================
waiting for event "download"
============================================================
2025-12-06 11:15:35,200 - src.zeit_scraper - INFO - Saved error_screenshot.png
2025-12-06 11:15:35,307 - main - INFO - No file downloaded or error occurred.
2025-12-06 11:18:10,214 - main - INFO - Starting Zeit-Transfer...
2025-12-06 11:18:10,215 - main - INFO - Checking for new issue...
2025-12-06 11:18:11,044 - src.zeit_scraper - INFO - Navigating to login page: https://login.zeit.de/
2025-12-06 11:18:16,841 - src.zeit_scraper - INFO - Logging in...
2025-12-06 11:18:22,702 - src.zeit_scraper - INFO - Waiting for login button to be enabled...
2025-12-06 11:18:27,711 - src.zeit_scraper - WARNING - Automated login click failed (button disabled or not found).
2025-12-06 11:18:27,712 - src.zeit_scraper - INFO - PLEASE LOG IN MANUALLY IN THE BROWSER WINDOW.
2025-12-06 11:18:27,712 - src.zeit_scraper - INFO - Waiting for login to complete (checking URL)...
2025-12-06 11:19:04,623 - src.zeit_scraper - INFO - Login successful.
2025-12-06 11:19:04,623 - src.zeit_scraper - INFO - Navigating to download URL: https://epaper.zeit.de/abo/diezeit/
2025-12-06 11:19:05,808 - src.zeit_scraper - INFO - Looking for 'Aktuelle Ausgabe'...
2025-12-06 11:19:05,809 - src.zeit_scraper - INFO - Looking for 'Zur aktuellen Ausgabe'...
2025-12-06 11:19:05,824 - src.zeit_scraper - INFO - Clicking text=Zur aktuellen Ausgabe...
2025-12-06 11:19:07,139 - src.zeit_scraper - INFO - Looking for EPUB download button...
2025-12-06 11:19:07,162 - src.zeit_scraper - INFO - EPUB button found. Clicking...
2025-12-06 11:19:07,325 - src.zeit_scraper - INFO - Downloading 2025_52_DIE_ZEIT.epub...
2025-12-06 11:19:07,627 - src.zeit_scraper - INFO - Download complete: temp/2025_52_DIE_ZEIT.epub
2025-12-06 11:19:07,753 - main - INFO - New issue found: 2025_52_DIE_ZEIT.epub
2025-12-06 11:19:08,195 - src.tolino_uploader - INFO - Navigating to Tolino login page: https://webreader.mytolino.com/
2025-12-06 11:19:18,556 - src.tolino_uploader - INFO - 'Anmelden' button not found, maybe already on login selection.
2025-12-06 11:19:18,556 - src.tolino_uploader - INFO - Selecting 'Thalia' provider...
2025-12-06 11:19:28,562 - src.tolino_uploader - ERROR - Could not find 'Thalia' option: Page.click: Timeout 10000ms exceeded.
Call log:
  - waiting for locator("text=Thalia")

2025-12-06 11:19:33,570 - src.tolino_uploader - ERROR - Thalia selection failed.
2025-12-06 11:19:33,634 - main - ERROR - Failed to upload 2025_52_DIE_ZEIT.epub to Tolino.
2025-12-06 11:19:33,634 - main - INFO - Cleaned up temporary file: temp/2025_52_DIE_ZEIT.epub
2025-12-06 11:19:33,634 - main - INFO - Zeit-Transfer finished.
2025-12-06 11:22:45,502 - main - INFO - Starting Zeit-Transfer...
2025-12-06 11:22:45,502 - main - INFO - Checking for new issue...
2025-12-06 11:22:46,417 - src.zeit_scraper - INFO - Navigating to login page: https://login.zeit.de/
2025-12-06 11:22:52,196 - src.zeit_scraper - INFO - Logging in...
2025-12-06 11:22:58,041 - src.zeit_scraper - INFO - Waiting for login button to be enabled...
2025-12-06 11:23:03,047 - src.zeit_scraper - WARNING - Automated login click failed (button disabled or not found).
2025-12-06 11:23:03,048 - src.zeit_scraper - INFO - PLEASE LOG IN MANUALLY IN THE BROWSER WINDOW.
2025-12-06 11:23:03,048 - src.zeit_scraper - INFO - Waiting for login to complete (checking URL)...
2025-12-06 11:23:20,764 - src.zeit_scraper - INFO - Login successful.
2025-12-06 11:23:20,764 - src.zeit_scraper - INFO - Navigating to download URL: https://epaper.zeit.de/abo/diezeit/
2025-12-06 11:23:21,887 - src.zeit_scraper - INFO - Looking for 'Aktuelle Ausgabe'...
2025-12-06 11:23:21,887 - src.zeit_scraper - INFO - Looking for 'Zur aktuellen Ausgabe'...
2025-12-06 11:23:21,898 - src.zeit_scraper - INFO - Clicking text=Zur aktuellen Ausgabe...
2025-12-06 11:23:23,581 - src.zeit_scraper - INFO - Looking for EPUB download button...
2025-12-06 11:23:23,605 - src.zeit_scraper - INFO - EPUB button found. Clicking...
2025-12-06 11:23:23,732 - src.zeit_scraper - INFO - Downloading 2025_52_DIE_ZEIT.epub...
2025-12-06 11:23:24,015 - src.zeit_scraper - INFO - Download complete: temp/2025_52_DIE_ZEIT.epub
2025-12-06 11:23:24,136 - main - INFO - New issue found: 2025_52_DIE_ZEIT.epub
2025-12-06 11:23:24,733 - src.tolino_uploader - INFO - Navigating to Tolino login page: https://webreader.mytolino.com/
2025-12-06 11:23:35,080 - src.tolino_uploader - INFO - 'Anmelden' button not found, maybe already on login selection.
2025-12-06 11:23:35,081 - src.tolino_uploader - INFO - Selecting country 'Deutschland'...
2025-12-06 11:23:37,127 - src.tolino_uploader - INFO - Selecting 'Thalia' provider...
2025-12-06 11:23:47,134 - src.tolino_uploader - ERROR - Could not find 'Thalia' option: Page.click: Timeout 10000ms exceeded.
Call log:
  - waiting for locator("text=Thalia")

2025-12-06 11:23:47,167 - src.tolino_uploader - INFO - Entering credentials...
2025-12-06 11:23:57,171 - src.tolino_uploader - ERROR - An error occurred during Tolino upload: Page.wait_for_selector: Timeout 10000ms exceeded.
Call log:
  - waiting for locator("input[type='email'], input[name='email'], input[name='username']") to be visible

2025-12-06 11:23:57,242 - src.tolino_uploader - INFO - Saved tolino_error.png
2025-12-06 11:23:57,357 - main - ERROR - Failed to upload 2025_52_DIE_ZEIT.epub to Tolino.
2025-12-06 11:23:57,357 - main - WARNING - Upload failed. File preserved at: temp/2025_52_DIE_ZEIT.epub
2025-12-06 11:23:57,357 - main - INFO - Zeit-Transfer finished.
2025-12-06 11:26:33,283 - main - INFO - Starting Zeit-Transfer...
2025-12-06 11:26:33,284 - main - INFO - Found existing file in temp: 2025_52_DIE_ZEIT.epub. Skipping download and retrying upload.
2025-12-06 11:26:33,284 - main - INFO - Processing issue: 2025_52_DIE_ZEIT.epub
2025-12-06 11:26:34,503 - src.tolino_uploader - INFO - Navigating to Tolino login page: https://webreader.mytolino.com/
2025-12-06 11:26:44,936 - src.tolino_uploader - INFO - 'Anmelden' button not found, maybe already on login selection.
2025-12-06 11:26:44,937 - src.tolino_uploader - INFO - Selecting country 'Deutschland'...
2025-12-06 11:26:46,981 - src.tolino_uploader - INFO - Selecting 'Thalia' provider...
2025-12-06 11:26:47,019 - src.tolino_uploader - INFO - Waiting for Thalia page and looking for 'Anmelden'...
2025-12-06 11:26:47,024 - src.tolino_uploader - INFO - Entering credentials...
2025-12-06 11:26:57,028 - src.tolino_uploader - ERROR - Password input not found. Login form navigation failed.
2025-12-06 11:26:57,173 - main - ERROR - Failed to upload 2025_52_DIE_ZEIT.epub to Tolino.
2025-12-06 11:26:57,173 - main - WARNING - Upload failed. File preserved at: temp/2025_52_DIE_ZEIT.epub
2025-12-06 11:26:57,173 - main - INFO - Zeit-Transfer finished.
2025-12-06 11:31:15,979 - main - INFO - Starting Zeit-Transfer...
2025-12-06 11:31:15,980 - main - INFO - Found existing file in temp: 2025_52_DIE_ZEIT.epub. Skipping download and retrying upload.
2025-12-06 11:31:15,980 - main - INFO - Processing issue: 2025_52_DIE_ZEIT.epub
2025-12-06 11:31:16,818 - src.tolino_uploader - INFO - Navigating to Tolino login page: https://webreader.mytolino.com/
2025-12-06 11:31:27,167 - src.tolino_uploader - INFO - 'Anmelden' button not found, maybe already on login selection.
2025-12-06 11:31:27,167 - src.tolino_uploader - INFO - Selecting country 'Deutschland'...
2025-12-06 11:31:29,210 - src.tolino_uploader - INFO - Selecting 'Thalia' provider...
2025-12-06 11:31:29,252 - src.tolino_uploader - INFO - Waiting for Thalia page and looking for 'Anmelden'...
2025-12-06 11:31:44,257 - src.tolino_uploader - INFO - 'Anmelden' button not found or timed out: Page.wait_for_selector: Timeout 15000ms exceeded.
Call log:
  - waiting for locator("text=Anmelden, button:has-text('Anmelden')") to be visible

2025-12-06 11:31:44,257 - src.tolino_uploader - INFO - Assuming we might already be on the login page or direct login form.
2025-12-06 11:31:44,257 - src.tolino_uploader - INFO - Entering credentials...
2025-12-06 11:32:04,262 - src.tolino_uploader - ERROR - Password input not found. Login form navigation failed.
2025-12-06 11:32:04,346 - src.tolino_uploader - INFO - Saved thalia_login_fail.png
2025-12-06 11:32:04,452 - main - ERROR - Failed to upload 2025_52_DIE_ZEIT.epub to Tolino.
2025-12-06 11:32:04,452 - main - WARNING - Upload failed. File preserved at: temp/2025_52_DIE_ZEIT.epub
2025-12-06 11:32:04,452 - main - INFO - Zeit-Transfer finished.
2025-12-06 11:33:59,451 - main - INFO - Starting Zeit-Transfer...
2025-12-06 11:33:59,451 - main - INFO - Found existing file in temp: 2025_52_DIE_ZEIT.epub. Skipping download and retrying upload.
2025-12-06 11:33:59,451 - main - INFO - Processing issue: 2025_52_DIE_ZEIT.epub
2025-12-06 11:34:00,269 - src.tolino_uploader - INFO - Navigating to Tolino login page: https://webreader.mytolino.com/
2025-12-06 11:34:10,664 - src.tolino_uploader - INFO - 'Anmelden' button not found, maybe already on login selection.
2025-12-06 11:34:10,664 - src.tolino_uploader - INFO - Selecting country 'Deutschland'...
2025-12-06 11:34:12,715 - src.tolino_uploader - INFO - Selecting 'Thalia' provider...
2025-12-06 11:34:12,752 - src.tolino_uploader - INFO - Waiting for Thalia page and looking for 'Anmelden'...
2025-12-06 11:34:12,752 - src.tolino_uploader - INFO - Looking for 'Anmelden' button using role/label...
2025-12-06 11:34:12,762 - src.tolino_uploader - WARNING - 'Anmelden' button not found via role/label. Trying text fallback...
2025-12-06 11:34:13,019 - src.tolino_uploader - INFO - Entering credentials...
2025-12-06 11:34:13,569 - src.tolino_uploader - INFO - Submitting credentials...
2025-12-06 11:34:43,573 - src.tolino_uploader - ERROR - An error occurred during Tolino upload: Page.click: Timeout 30000ms exceeded.
Call log:
  - waiting for locator("button[type='submit'], input[type='submit']")

2025-12-06 11:34:43,650 - src.tolino_uploader - INFO - Saved tolino_error.png
2025-12-06 11:34:43,797 - main - ERROR - Failed to upload 2025_52_DIE_ZEIT.epub to Tolino.
2025-12-06 11:34:43,797 - main - WARNING - Upload failed. File preserved at: temp/2025_52_DIE_ZEIT.epub
2025-12-06 11:34:43,797 - main - INFO - Zeit-Transfer finished.
2025-12-06 11:36:41,486 - main - INFO - Starting Zeit-Transfer...
2025-12-06 11:36:41,487 - main - INFO - Found existing file in temp: 2025_52_DIE_ZEIT.epub. Skipping download and retrying upload.
2025-12-06 11:36:41,487 - main - INFO - Processing issue: 2025_52_DIE_ZEIT.epub
2025-12-06 11:36:42,384 - src.tolino_uploader - INFO - Navigating to Tolino login page: https://webreader.mytolino.com/
2025-12-06 11:36:52,767 - src.tolino_uploader - INFO - 'Anmelden' button not found, maybe already on login selection.
2025-12-06 11:36:52,768 - src.tolino_uploader - INFO - Selecting country 'Deutschland'...
2025-12-06 11:36:54,816 - src.tolino_uploader - INFO - Selecting 'Thalia' provider...
2025-12-06 11:36:54,855 - src.tolino_uploader - INFO - Waiting for Thalia page and looking for 'Anmelden'...
2025-12-06 11:36:54,855 - src.tolino_uploader - INFO - Looking for 'Anmelden' button using role/label...
2025-12-06 11:36:54,865 - src.tolino_uploader - WARNING - 'Anmelden' button not found via role/label. Trying text fallback...
2025-12-06 11:36:55,103 - src.tolino_uploader - INFO - Entering credentials...
2025-12-06 11:36:55,628 - src.tolino_uploader - INFO - Submitting credentials...
2025-12-06 11:36:55,772 - src.tolino_uploader - INFO - Waiting for redirect to library...
2025-12-06 11:37:25,779 - src.tolino_uploader - ERROR - An error occurred during Tolino upload: Timeout 30000ms exceeded.
=========================== logs ===========================
waiting for navigation to "**/library**" until 'load'
  navigated to "https://www.thalia.de/keycloak/realms/2/login-actions/authenticate?session_code=egdVg6JuGuTJvKSotlPjAy1RgaxH5NS1D3_uVBEwJi4&execution=3ebab9a3-4ea7-4fdd-ab65-ccbb97373618&client_id=webreader&tab_id=5gQ9flP29UM&client_data=eyJydSI6Imh0dHBzOi8vd2VicmVhZGVyLm15dG9saW5vLmNvbS9saWJyYXJ5LyIsInJ0IjoiY29kZSJ9&__cf_chl_rt_tk=eGM6.7NctQQGiQxaBB0iVnvt9tJDHpswMFfn3cbwHG8-1765017415-1.0.1.1-DlSSDvF8D8Pp74tFv4IP9Wa2poPN8xTk4479XT1dOvg"
  navigated to "https://www.thalia.de/keycloak/realms/2/login-actions/authenticate?session_code=egdVg6JuGuTJvKSotlPjAy1RgaxH5NS1D3_uVBEwJi4&execution=3ebab9a3-4ea7-4fdd-ab65-ccbb97373618&client_id=webreader&tab_id=5gQ9flP29UM&client_data=eyJydSI6Imh0dHBzOi8vd2VicmVhZGVyLm15dG9saW5vLmNvbS9saWJyYXJ5LyIsInJ0IjoiY29kZSJ9"
============================================================
2025-12-06 11:37:25,867 - src.tolino_uploader - INFO - Saved tolino_error.png
2025-12-06 11:37:25,992 - main - ERROR - Failed to upload 2025_52_DIE_ZEIT.epub to Tolino.
2025-12-06 11:37:25,992 - main - WARNING - Upload failed. File preserved at: temp/2025_52_DIE_ZEIT.epub
2025-12-06 11:37:25,992 - main - INFO - Zeit-Transfer finished.
2025-12-06 11:40:05,144 - main - INFO - Starting Zeit-Transfer...
2025-12-06 11:40:05,145 - main - INFO - Found existing file in temp: 2025_52_DIE_ZEIT.epub. Skipping download and retrying upload.
2025-12-06 11:40:05,145 - main - INFO - Processing issue: 2025_52_DIE_ZEIT.epub
2025-12-06 11:40:06,368 - src.tolino_uploader - INFO - Navigating to Tolino login page: https://webreader.mytolino.com/
2025-12-06 11:40:16,788 - src.tolino_uploader - INFO - 'Anmelden' button not found, maybe already on login selection.
2025-12-06 11:40:16,788 - src.tolino_uploader - INFO - Selecting country 'Deutschland'...
2025-12-06 11:40:18,885 - src.tolino_uploader - INFO - Selecting 'Thalia' provider...
2025-12-06 11:40:18,933 - src.tolino_uploader - INFO - Waiting for Thalia page and looking for 'Anmelden'...
2025-12-06 11:40:18,933 - src.tolino_uploader - INFO - Looking for 'Anmelden' button using role/label...
2025-12-06 11:40:18,942 - src.tolino_uploader - WARNING - 'Anmelden' button not found via role/label. Trying text fallback...
2025-12-06 11:40:19,265 - src.tolino_uploader - INFO - Entering credentials...
2025-12-06 11:40:19,842 - src.tolino_uploader - INFO - Submitting credentials...
2025-12-06 11:40:19,968 - src.tolino_uploader - INFO - Checking for potential CAPTCHA...
2025-12-06 11:40:22,002 - src.tolino_uploader - INFO - Waiting for redirect to library...
2025-12-06 11:41:22,009 - src.tolino_uploader - WARNING - Automated login stuck. PLEASE SOLVE CAPTCHA MANUALLY IN BROWSER.
2025-12-06 11:44:22,018 - src.tolino_uploader - ERROR - Login verification timed out.
2025-12-06 11:44:22,222 - main - ERROR - Failed to upload 2025_52_DIE_ZEIT.epub to Tolino.
2025-12-06 11:44:22,222 - main - WARNING - Upload failed. File preserved at: temp/2025_52_DIE_ZEIT.epub
2025-12-06 11:44:22,222 - main - INFO - Zeit-Transfer finished.
2025-12-06 11:44:22,382 - main - INFO - Starting Zeit-Transfer...
2025-12-06 11:44:22,383 - main - INFO - Found existing file in temp: 2025_52_DIE_ZEIT.epub. Skipping download and retrying upload.
2025-12-06 11:44:22,383 - main - INFO - Processing issue: 2025_52_DIE_ZEIT.epub
2025-12-06 11:44:23,287 - src.tolino_uploader - INFO - Navigating to Tolino login page: https://webreader.mytolino.com/
2025-12-06 11:44:33,671 - src.tolino_uploader - INFO - 'Anmelden' button not found, maybe already on login selection.
2025-12-06 11:44:33,672 - src.tolino_uploader - INFO - Selecting country 'Deutschland'...
2025-12-06 11:44:35,712 - src.tolino_uploader - INFO - Selecting 'Thalia' provider...
2025-12-06 11:44:35,753 - src.tolino_uploader - INFO - Waiting for Thalia page and looking for 'Anmelden'...
2025-12-06 11:44:35,753 - src.tolino_uploader - INFO - Looking for 'Anmelden' button using role/label...
2025-12-06 11:44:35,763 - src.tolino_uploader - WARNING - 'Anmelden' button not found via role/label. Trying text fallback...
2025-12-06 11:44:36,000 - src.tolino_uploader - INFO - Entering credentials...
2025-12-06 11:44:36,553 - src.tolino_uploader - INFO - Submitting credentials...
2025-12-06 11:44:36,680 - src.tolino_uploader - INFO - Checking for potential CAPTCHA/Cloudflare...
2025-12-06 11:44:41,717 - src.tolino_uploader - INFO - Waiting for redirect to library...
2025-12-06 11:45:41,722 - src.tolino_uploader - WARNING - Automated login stuck. PLEASE SOLVE CAPTCHA MANUALLY IN BROWSER.
2025-12-06 11:46:27,950 - src.tolino_uploader - ERROR - Login verification timed out.
2025-12-06 11:46:27,956 - src.tolino_uploader - ERROR - An error occurred during Tolino upload: Page.screenshot: Target page, context or browser has been closed
2025-12-06 11:46:28,077 - main - ERROR - Failed to upload 2025_52_DIE_ZEIT.epub to Tolino.
2025-12-06 11:46:28,077 - main - WARNING - Upload failed. File preserved at: temp/2025_52_DIE_ZEIT.epub
2025-12-06 11:46:28,077 - main - INFO - Zeit-Transfer finished.
2025-12-06 11:51:35,783 - main - INFO - Starting Zeit-Transfer...
2025-12-06 11:51:35,784 - main - INFO - Found existing file in temp: 2025_52_DIE_ZEIT.epub. Skipping download and retrying upload.
2025-12-06 11:51:35,784 - main - INFO - Processing issue: 2025_52_DIE_ZEIT.epub
2025-12-06 11:51:36,607 - src.tolino_uploader - INFO - Navigating to Tolino login page: https://webreader.mytolino.com/
2025-12-06 11:51:46,973 - src.tolino_uploader - INFO - 'Anmelden' button not found, maybe already on login selection.
2025-12-06 11:51:46,973 - src.tolino_uploader - INFO - Selecting country 'Deutschland'...
2025-12-06 11:51:49,016 - src.tolino_uploader - INFO - Selecting 'Thalia' provider...
2025-12-06 11:51:49,055 - src.tolino_uploader - INFO - Waiting for Thalia page and looking for 'Anmelden'...
2025-12-06 11:51:49,055 - src.tolino_uploader - INFO - Looking for 'Anmelden' button using role/label...
2025-12-06 11:51:49,065 - src.tolino_uploader - WARNING - 'Anmelden' button not found via role/label. Trying text fallback...
2025-12-06 11:51:49,305 - src.tolino_uploader - INFO - Entering credentials...
2025-12-06 11:51:49,726 - src.tolino_uploader - INFO - Submitting credentials...
2025-12-06 11:51:49,993 - src.tolino_uploader - INFO - Checking for potential CAPTCHA/Cloudflare...
2025-12-06 11:51:55,032 - src.tolino_uploader - INFO - Waiting for redirect to library...
2025-12-06 11:52:55,037 - src.tolino_uploader - WARNING - Automated login stuck. PLEASE SOLVE CAPTCHA MANUALLY IN BROWSER.
2025-12-06 14:49:47,586 - src.tolino_uploader - ERROR - Login verification timed out.
2025-12-06 14:49:47,854 - main - ERROR - Failed to upload 2025_52_DIE_ZEIT.epub to Tolino.
2025-12-06 14:49:47,854 - main - WARNING - Upload failed. File preserved at: temp/2025_52_DIE_ZEIT.epub
2025-12-06 14:49:47,854 - main - INFO - Zeit-Transfer finished.
